# JRE version: Java(TM) SE Runtime Environment (8.0_121-b13) (build 1.8.0_121-b13)
# Java VM: Java HotSpot(TM) 64-Bit Server VM (25.121-b13 mixed mode windows-amd64 compressed oops)
Heap:
 PSYoungGen      total 130048K, used 22930K [0x00000000d5580000, 0x00000000e3c80000, 0x0000000100000000)
  eden space 116736K, 19% used [0x00000000d5580000,0x00000000d6be4958,0x00000000dc780000)
  from space 13312K, 0% used [0x00000000dc780000,0x00000000dc780000,0x00000000dd480000)
  to   space 16896K, 0% used [0x00000000e2c00000,0x00000000e2c00000,0x00000000e3c80000)
 ParOldGen       total 74752K, used 22643K [0x0000000080000000, 0x0000000084900000, 0x00000000d5580000)
  object space 74752K, 30% used [0x0000000080000000,0x000000008161ceb0,0x0000000084900000)
 Metaspace       used 37409K, capacity 39206K, committed 39552K, reserved 1085440K
  class space    used 5035K, capacity 5381K, committed 5504K, reserved 1048576K
GC Heap History (10 events):
Event: 1.973 GC heap before
{Heap before GC invocations=5 (full 1):
 PSYoungGen      total 71680K, used 5104K [0x00000000d5580000, 0x00000000da080000, 0x0000000100000000)
  eden space 66560K, 0% used [0x00000000d5580000,0x00000000d5580000,0x00000000d9680000)
  from space 5120K, 99% used [0x00000000d9b80000,0x00000000da07c010,0x00000000da080000)
  to   space 5120K, 0% used [0x00000000d9680000,0x00000000d9680000,0x00000000d9b80000)
 ParOldGen       total 87552K, used 5838K [0x0000000080000000, 0x0000000085580000, 0x00000000d5580000)
  object space 87552K, 6% used [0x0000000080000000,0x00000000805b3828,0x0000000085580000)
 Metaspace       used 20574K, capacity 21188K, committed 21248K, reserved 1067008K
  class space    used 2817K, capacity 3027K, committed 3072K, reserved 1048576K
Event: 2.007 GC heap after
Heap after GC invocations=5 (full 1):
 PSYoungGen      total 71680K, used 0K [0x00000000d5580000, 0x00000000da080000, 0x0000000100000000)
  eden space 66560K, 0% used [0x00000000d5580000,0x00000000d5580000,0x00000000d9680000)
  from space 5120K, 0% used [0x00000000d9b80000,0x00000000d9b80000,0x00000000da080000)
  to   space 5120K, 0% used [0x00000000d9680000,0x00000000d9680000,0x00000000d9b80000)
 ParOldGen       total 48128K, used 5098K [0x0000000080000000, 0x0000000082f00000, 0x00000000d5580000)
  object space 48128K, 10% used [0x0000000080000000,0x00000000804fa930,0x0000000082f00000)
 Metaspace       used 20573K, capacity 21182K, committed 21248K, reserved 1067008K
  class space    used 2816K, capacity 3026K, committed 3072K, reserved 1048576K
}
Event: 2.673 GC heap before
{Heap before GC invocations=6 (full 1):
 PSYoungGen      total 71680K, used 66560K [0x00000000d5580000, 0x00000000da080000, 0x0000000100000000)
  eden space 66560K, 100% used [0x00000000d5580000,0x00000000d9680000,0x00000000d9680000)
  from space 5120K, 0% used [0x00000000d9b80000,0x00000000d9b80000,0x00000000da080000)
  to   space 5120K, 0% used [0x00000000d9680000,0x00000000d9680000,0x00000000d9b80000)
 ParOldGen       total 48128K, used 5098K [0x0000000080000000, 0x0000000082f00000, 0x00000000d5580000)
  object space 48128K, 10% used [0x0000000080000000,0x00000000804fa930,0x0000000082f00000)
 Metaspace       used 24017K, capacity 24872K, committed 25088K, reserved 1071104K
  class space    used 3315K, capacity 3557K, committed 3584K, reserved 1048576K
Event: 2.685 GC heap after
Heap after GC invocations=6 (full 1):
 PSYoungGen      total 71680K, used 5111K [0x00000000d5580000, 0x00000000ddd80000, 0x0000000100000000)
  eden space 66560K, 0% used [0x00000000d5580000,0x00000000d5580000,0x00000000d9680000)
  from space 5120K, 99% used [0x00000000d9680000,0x00000000d9b7dd30,0x00000000d9b80000)
  to   space 9216K, 0% used [0x00000000dd480000,0x00000000dd480000,0x00000000ddd80000)
 ParOldGen       total 48128K, used 7014K [0x0000000080000000, 0x0000000082f00000, 0x00000000d5580000)
  object space 48128K, 14% used [0x0000000080000000,0x00000000806d99e0,0x0000000082f00000)
 Metaspace       used 24017K, capacity 24872K, committed 25088K, reserved 1071104K
  class space    used 3315K, capacity 3557K, committed 3584K, reserved 1048576K
}
Event: 3.490 GC heap before
{Heap before GC invocations=7 (full 1):
 PSYoungGen      total 71680K, used 71671K [0x00000000d5580000, 0x00000000ddd80000, 0x0000000100000000)
  eden space 66560K, 100% used [0x00000000d5580000,0x00000000d9680000,0x00000000d9680000)
  from space 5120K, 99% used [0x00000000d9680000,0x00000000d9b7dd30,0x00000000d9b80000)
  to   space 9216K, 0% used [0x00000000dd480000,0x00000000dd480000,0x00000000ddd80000)
 ParOldGen       total 48128K, used 7014K [0x0000000080000000, 0x0000000082f00000, 0x00000000d5580000)
  object space 48128K, 14% used [0x0000000080000000,0x00000000806d99e0,0x0000000082f00000)
 Metaspace       used 28652K, capacity 29972K, committed 30080K, reserved 1075200K
  class space    used 3930K, capacity 4207K, committed 4224K, reserved 1048576K
Event: 3.509 GC heap after
Heap after GC invocations=7 (full 1):
 PSYoungGen      total 125952K, used 9198K [0x00000000d5580000, 0x00000000de380000, 0x0000000100000000)
  eden space 116736K, 0% used [0x00000000d5580000,0x00000000d5580000,0x00000000dc780000)
  from space 9216K, 99% used [0x00000000dd480000,0x00000000ddd7b9f0,0x00000000ddd80000)
  to   space 13312K, 0% used [0x00000000dc780000,0x00000000dc780000,0x00000000dd480000)
 ParOldGen       total 48128K, used 12048K [0x0000000080000000, 0x0000000082f00000, 0x00000000d5580000)
  object space 48128K, 25% used [0x0000000080000000,0x0000000080bc42f0,0x0000000082f00000)
 Metaspace       used 28652K, capacity 29972K, committed 30080K, reserved 1075200K
  class space    used 3930K, capacity 4207K, committed 4224K, reserved 1048576K
}
Event: 14.718 GC heap before
{Heap before GC invocations=8 (full 1):
 PSYoungGen      total 125952K, used 98766K [0x00000000d5580000, 0x00000000de380000, 0x0000000100000000)
  eden space 116736K, 76% used [0x00000000d5580000,0x00000000dacf7f88,0x00000000dc780000)
  from space 9216K, 99% used [0x00000000dd480000,0x00000000ddd7b9f0,0x00000000ddd80000)
  to   space 13312K, 0% used [0x00000000dc780000,0x00000000dc780000,0x00000000dd480000)
 ParOldGen       total 48128K, used 12048K [0x0000000080000000, 0x0000000082f00000, 0x00000000d5580000)
  object space 48128K, 25% used [0x0000000080000000,0x0000000080bc42f0,0x0000000082f00000)
 Metaspace       used 33596K, capacity 35278K, committed 35416K, reserved 1079296K
  class space    used 4679K, capacity 5043K, committed 5120K, reserved 1048576K
Event: 14.742 GC heap after
Heap after GC invocations=8 (full 1):
 PSYoungGen      total 130048K, used 13293K [0x00000000d5580000, 0x00000000e3c80000, 0x0000000100000000)
  eden space 116736K, 0% used [0x00000000d5580000,0x00000000d5580000,0x00000000dc780000)
  from space 13312K, 99% used [0x00000000dc780000,0x00000000dd47b5d8,0x00000000dd480000)
  to   space 16896K, 0% used [0x00000000e2c00000,0x00000000e2c00000,0x00000000e3c80000)
 ParOldGen       total 48128K, used 15579K [0x0000000080000000, 0x0000000082f00000, 0x00000000d5580000)
  object space 48128K, 32% used [0x0000000080000000,0x0000000080f36ce0,0x0000000082f00000)
 Metaspace       used 33596K, capacity 35278K, committed 35416K, reserved 1079296K
  class space    used 4679K, capacity 5043K, committed 5120K, reserved 1048576K
}
Event: 14.742 GC heap before
{Heap before GC invocations=9 (full 2):
 PSYoungGen      total 130048K, used 13293K [0x00000000d5580000, 0x00000000e3c80000, 0x0000000100000000)
  eden space 116736K, 0% used [0x00000000d5580000,0x00000000d5580000,0x00000000dc780000)
  from space 13312K, 99% used [0x00000000dc780000,0x00000000dd47b5d8,0x00000000dd480000)
  to   space 16896K, 0% used [0x00000000e2c00000,0x00000000e2c00000,0x00000000e3c80000)
 ParOldGen       total 48128K, used 15579K [0x0000000080000000, 0x0000000082f00000, 0x00000000d5580000)
  object space 48128K, 32% used [0x0000000080000000,0x0000000080f36ce0,0x0000000082f00000)
 Metaspace       used 33596K, capacity 35278K, committed 35416K, reserved 1079296K
  class space    used 4679K, capacity 5043K, committed 5120K, reserved 1048576K
Event: 14.824 GC heap after
Heap after GC invocations=9 (full 2):
 PSYoungGen      total 130048K, used 0K [0x00000000d5580000, 0x00000000e3c80000, 0x0000000100000000)
  eden space 116736K, 0% used [0x00000000d5580000,0x00000000d5580000,0x00000000dc780000)
  from space 13312K, 0% used [0x00000000dc780000,0x00000000dc780000,0x00000000dd480000)
  to   space 16896K, 0% used [0x00000000e2c00000,0x00000000e2c00000,0x00000000e3c80000)
 ParOldGen       total 74752K, used 22643K [0x0000000080000000, 0x0000000084900000, 0x00000000d5580000)
  object space 74752K, 30% used [0x0000000080000000,0x000000008161ceb0,0x0000000084900000)
 Metaspace       used 33596K, capacity 35278K, committed 35416K, reserved 1079296K
  class space    used 4679K, capacity 5043K, committed 5120K, reserved 1048576K
}

